<?xml version="1.0" encoding="utf-8"?><testsuites name="pytest tests"><testsuite name="pytest" errors="0" failures="0" skipped="0" tests="14" time="21.570" timestamp="2026-01-13T06:48:31.187534+00:00" hostname="agent-env-b3d6c1d1-83d1-41e7-94be-fb70f3991828"><testcase classname="tests.test_backup_and_prequalify_conversion.TestDealerAddresses" name="test_01_admin_login" time="0.554" /><testcase classname="tests.test_backup_and_prequalify_conversion.TestDealerAddresses" name="test_02_get_dealer_list" time="0.316" /><testcase classname="tests.test_backup_and_prequalify_conversion.TestDealerAddresses" name="test_03_verify_dealer_addresses" time="0.277" /><testcase classname="tests.test_backup_and_prequalify_conversion.TestBackupEndpoint" name="test_01_backup_endpoint_accessible" time="0.293" /><testcase classname="tests.test_backup_and_prequalify_conversion.TestBackupEndpoint" name="test_02_backup_returns_json" time="0.287" /><testcase classname="tests.test_backup_and_prequalify_conversion.TestBackupEndpoint" name="test_03_backup_has_metadata" time="0.288" /><testcase classname="tests.test_backup_and_prequalify_conversion.TestBackupEndpoint" name="test_04_backup_includes_all_collections" time="0.289" /><testcase classname="tests.test_backup_and_prequalify_conversion.TestBackupEndpoint" name="test_05_backup_non_admin_forbidden" time="0.295" /><testcase classname="tests.test_backup_and_prequalify_conversion.TestPrequalifyToClientConversion" name="test_01_create_prequalify_submission" time="3.328" /><testcase classname="tests.test_backup_and_prequalify_conversion.TestPrequalifyToClientConversion" name="test_02_convert_prequalify_to_client" time="2.473" /><testcase classname="tests.test_backup_and_prequalify_conversion.TestPrequalifyToClientConversion" name="test_03_verify_client_assigned_to_admin" time="3.399" /><testcase classname="tests.test_backup_and_prequalify_conversion.TestPrequalifyToClientConversion" name="test_04_verify_notes_have_admin_only_flag" time="2.684" /><testcase classname="tests.test_backup_and_prequalify_conversion.TestPrequalifyToClientConversion" name="test_05_verify_submission_status_converted" time="3.323" /><testcase classname="tests.test_backup_and_prequalify_conversion.TestPrequalifyToClientConversion" name="test_06_full_conversion_flow" time="3.677" /></testsuite></testsuites>