<?xml version="1.0" encoding="utf-8"?><testsuites name="pytest tests"><testsuite name="pytest" errors="0" failures="0" skipped="0" tests="13" time="58.093" timestamp="2026-01-19T21:51:25.921153+00:00" hostname="agent-env-1138dade-a4f6-493a-8d34-c71c84248237"><testcase classname="tests.test_crm_features_iteration10.TestAuthentication" name="test_admin_login" time="27.980" /><testcase classname="tests.test_crm_features_iteration10.TestOwnerFilter" name="test_clients_with_owner_filter_mine" time="11.563" /><testcase classname="tests.test_crm_features_iteration10.TestOwnerFilter" name="test_clients_with_owner_filter_others" time="0.411" /><testcase classname="tests.test_crm_features_iteration10.TestOwnerFilter" name="test_clients_with_owner_filter_all" time="0.358" /><testcase classname="tests.test_crm_features_iteration10.TestOwnerFilter" name="test_owner_filter_counts_make_sense" time="0.476" /><testcase classname="tests.test_crm_features_iteration10.TestNoteReminders" name="test_add_note_without_reminder" time="0.425" /><testcase classname="tests.test_crm_features_iteration10.TestNoteReminders" name="test_add_note_with_reminder" time="0.599" /><testcase classname="tests.test_crm_features_iteration10.TestNoteReminders" name="test_get_client_notes" time="0.380" /><testcase classname="tests.test_crm_features_iteration10.TestNoteReminders" name="test_note_reminder_fields_present" time="0.421" /><testcase classname="tests.test_crm_features_iteration10.TestAppointmentCreation" name="test_create_appointment_success" time="0.431" /><testcase classname="tests.test_crm_features_iteration10.TestAppointmentCreation" name="test_sms_endpoint_handles_errors_gracefully" time="0.461" /><testcase classname="tests.test_crm_features_iteration10.TestAppointmentCreation" name="test_email_endpoint_handles_errors_gracefully" time="0.437" /><testcase classname="tests.test_crm_features_iteration10.TestCleanup" name="test_cleanup_test_notes" time="14.083" /></testsuite></testsuites>