<?xml version="1.0" encoding="utf-8"?><testsuites name="pytest tests"><testsuite name="pytest" errors="0" failures="0" skipped="0" tests="14" time="5.225" timestamp="2026-01-13T06:22:01.853211+00:00" hostname="agent-env-b3d6c1d1-83d1-41e7-94be-fb70f3991828"><testcase classname="tests.test_appointments_and_config.TestAuthAndSetup" name="test_admin_login" time="0.276" /><testcase classname="tests.test_appointments_and_config.TestAuthAndSetup" name="test_vendedor_login" time="0.260" /><testcase classname="tests.test_appointments_and_config.TestConfigListsForVendedor" name="test_get_dealers_as_vendedor" time="0.304" /><testcase classname="tests.test_appointments_and_config.TestConfigListsForVendedor" name="test_get_banks_as_vendedor" time="0.299" /><testcase classname="tests.test_appointments_and_config.TestConfigListsForVendedor" name="test_get_cars_as_vendedor" time="0.300" /><testcase classname="tests.test_appointments_and_config.TestConfigListsForVendedor" name="test_get_id_types_as_vendedor" time="0.340" /><testcase classname="tests.test_appointments_and_config.TestConfigListsForVendedor" name="test_get_poi_types_as_vendedor" time="0.298" /><testcase classname="tests.test_appointments_and_config.TestConfigListsForVendedor" name="test_get_por_types_as_vendedor" time="0.314" /><testcase classname="tests.test_appointments_and_config.TestAppointmentsForVendedor" name="test_vendedor_can_get_clients" time="0.312" /><testcase classname="tests.test_appointments_and_config.TestAppointmentsForVendedor" name="test_vendedor_can_get_user_records" time="0.335" /><testcase classname="tests.test_appointments_and_config.TestAppointmentsForVendedor" name="test_create_appointment_as_vendedor" time="1.158" /><testcase classname="tests.test_appointments_and_config.TestAppointmentsForVendedor" name="test_get_appointments_as_vendedor" time="0.336" /><testcase classname="tests.test_appointments_and_config.TestDealerAddressInEmail" name="test_dealer_has_address_configured" time="0.290" /><testcase classname="tests.test_appointments_and_config.TestAdminNotifications" name="test_admin_can_get_notifications" time="0.312" /></testsuite></testsuites>