<?xml version="1.0" encoding="utf-8"?><testsuites name="pytest tests"><testsuite name="pytest" errors="0" failures="0" skipped="0" tests="10" time="2.550" timestamp="2026-01-28T07:14:21.687812+00:00" hostname="agent-env-b6b27265-7ea2-4cea-a57a-a416e03b42c5"><testcase classname="backend.tests.test_salesperson_id_regex_fix.TestSalespersonIdRegexFix" name="test_exact_salesperson_id_match" time="0.983" /><testcase classname="backend.tests.test_salesperson_id_regex_fix.TestSalespersonIdRegexFix" name="test_similar_salesperson_id_with_regex_fix" time="0.045" /><testcase classname="backend.tests.test_salesperson_id_regex_fix.TestSalespersonIdRegexFix" name="test_completely_different_salesperson_id" time="0.043" /><testcase classname="backend.tests.test_salesperson_id_regex_fix.TestSalespersonIdRegexFix" name="test_search_without_salesperson_filter" time="0.115" /><testcase classname="backend.tests.test_salesperson_id_regex_fix.TestRealWorldScenario" name="test_get_users_list" time="0.306" /><testcase classname="backend.tests.test_salesperson_id_regex_fix.TestRealWorldScenario" name="test_search_ortega_clients" time="0.037" /><testcase classname="backend.tests.test_salesperson_id_regex_fix.TestRealWorldScenario" name="test_filter_by_salesperson_with_wrong_id" time="0.040" /><testcase classname="backend.tests.test_salesperson_id_regex_fix.TestApiEndpointBasics" name="test_login_endpoint" time="0.258" /><testcase classname="backend.tests.test_salesperson_id_regex_fix.TestApiEndpointBasics" name="test_clients_endpoint_accessible" time="0.330" /><testcase classname="backend.tests.test_salesperson_id_regex_fix.TestApiEndpointBasics" name="test_clients_with_salesperson_filter" time="0.338" /></testsuite></testsuites>