<?xml version="1.0" encoding="utf-8"?><testsuites name="pytest tests"><testsuite name="pytest" errors="0" failures="2" skipped="0" tests="7" time="10.973" timestamp="2026-01-11T00:44:34.187965+00:00" hostname="agent-env-0c9d5e16-c216-4f22-b48c-362ae3b8ee61"><testcase classname="tests.test_prequalify_and_clients.TestPrequalifyAndClients" name="test_01_admin_login" time="0.561" /><testcase classname="tests.test_prequalify_and_clients.TestPrequalifyAndClients" name="test_02_prequalify_submit_with_separated_time_fields" time="3.789" /><testcase classname="tests.test_prequalify_and_clients.TestPrequalifyAndClients" name="test_03_create_client_from_prequalify" time="5.257" /><testcase classname="tests.test_prequalify_and_clients.TestPrequalifyAndClients" name="test_04_client_crud_with_time_fields" time="0.329"><failure message="KeyError: 'time_at_address_years'">tests/test_prequalify_and_clients.py:232: in test_04_client_crud_with_time_fields
    assert created_client["time_at_address_years"] == 1
           ^^^^^^^^^^^^^^^^^^^^^^^^^^^^^^^^^^^^^^^
E   KeyError: 'time_at_address_years'</failure></testcase><testcase classname="tests.test_prequalify_and_clients.TestPrequalifyAndClients" name="test_05_prequalify_submissions_list" time="0.266" /><testcase classname="tests.test_prequalify_and_clients.TestClientModals" name="test_01_add_client_all_fields" time="0.345"><failure message="KeyError: 'date_of_birth'">tests/test_prequalify_and_clients.py:342: in test_01_add_client_all_fields
    assert client["date_of_birth"] == client_data["date_of_birth"]
           ^^^^^^^^^^^^^^^^^^^^^^^
E   KeyError: 'date_of_birth'</failure></testcase><testcase classname="tests.test_prequalify_and_clients.TestClientModals" name="test_02_update_client_time_fields" time="0.330" /></testsuite></testsuites>