<?xml version="1.0" encoding="utf-8"?><testsuites name="pytest tests"><testsuite name="pytest" errors="0" failures="1" skipped="0" tests="17" time="2.810" timestamp="2026-01-27T05:55:28.794794+00:00" hostname="agent-env-b6b27265-7ea2-4cea-a57a-a416e03b42c5"><testcase classname="backend.tests.test_dashboard_user_filter.TestAuth" name="test_admin_login" time="0.307" /><testcase classname="backend.tests.test_dashboard_user_filter.TestDashboardUserFilter" name="test_dashboard_stats_without_user_filter" time="0.306" /><testcase classname="backend.tests.test_dashboard_user_filter.TestDashboardUserFilter" name="test_get_users_list" time="0.045" /><testcase classname="backend.tests.test_dashboard_user_filter.TestDashboardUserFilter" name="test_dashboard_stats_with_user_filter" time="0.150" /><testcase classname="backend.tests.test_dashboard_user_filter.TestDashboardUserFilter" name="test_dashboard_stats_with_invalid_user_id" time="0.051" /><testcase classname="backend.tests.test_dashboard_user_filter.TestClientDocuments" name="test_upload_id_document" time="0.336" /><testcase classname="backend.tests.test_dashboard_user_filter.TestClientDocuments" name="test_upload_income_document" time="0.036" /><testcase classname="backend.tests.test_dashboard_user_filter.TestClientDocuments" name="test_upload_residence_document" time="0.045" /><testcase classname="backend.tests.test_dashboard_user_filter.TestClientDocuments" name="test_list_documents" time="0.158" /><testcase classname="backend.tests.test_dashboard_user_filter.TestClientDocuments" name="test_download_document" time="0.253"><failure message="AssertionError: Download failed: 404 - {&quot;detail&quot;:&quot;No valid documents found&quot;}&#10;assert 404 == 200&#10; +  where 404 = &lt;Response [404]&gt;.status_code">backend/tests/test_dashboard_user_filter.py:314: in test_download_document
    assert response.status_code == 200, f"Download failed: {response.status_code} - {response.text[:200]}"
E   AssertionError: Download failed: 404 - {"detail":"No valid documents found"}
E   assert 404 == 200
E    +  where 404 = &lt;Response [404]&gt;.status_code</failure></testcase><testcase classname="backend.tests.test_dashboard_user_filter.TestClientDocuments" name="test_upload_invalid_doc_type" time="0.072" /><testcase classname="backend.tests.test_dashboard_user_filter.TestPreQualifyConversion" name="test_get_prequalify_submissions" time="0.300" /><testcase classname="backend.tests.test_dashboard_user_filter.TestPreQualifyConversion" name="test_prequalify_submission_detail" time="0.077" /><testcase classname="backend.tests.test_dashboard_user_filter.TestPreQualifyConversion" name="test_prequalify_to_client_conversion_endpoint_exists" time="0.038" /><testcase classname="backend.tests.test_dashboard_user_filter.TestDashboardStatsIntegration" name="test_dashboard_stats_with_period_filter" time="0.408" /><testcase classname="backend.tests.test_dashboard_user_filter.TestDashboardStatsIntegration" name="test_dashboard_stats_with_month_filter" time="0.049" /><testcase classname="backend.tests.test_dashboard_user_filter.TestDashboardStatsIntegration" name="test_dashboard_stats_combined_filters" time="0.080" /></testsuite></testsuites>