<?xml version="1.0" encoding="utf-8"?><testsuites name="pytest tests"><testsuite name="pytest" errors="0" failures="1" skipped="0" tests="17" time="3.358" timestamp="2026-07-30T05:07:39.723374+00:00" hostname="agent-env-9d0b0771-640b-4e38-981a-7d6984aee445"><testcase classname="backend.tests.test_crm_improvements.TestDashboardStatDetails" name="test_total_clients_details" time="0.505" /><testcase classname="backend.tests.test_crm_improvements.TestDashboardStatDetails" name="test_all_stat_types_reachable[total_clients]" time="0.106" /><testcase classname="backend.tests.test_crm_improvements.TestDashboardStatDetails" name="test_all_stat_types_reachable[new_clients_month]" time="0.123" /><testcase classname="backend.tests.test_crm_improvements.TestDashboardStatDetails" name="test_all_stat_types_reachable[sales]" time="0.130" /><testcase classname="backend.tests.test_crm_improvements.TestDashboardStatDetails" name="test_all_stat_types_reachable[sales_month]" time="0.162" /><testcase classname="backend.tests.test_crm_improvements.TestDashboardStatDetails" name="test_all_stat_types_reachable[today_appointments]" time="0.112" /><testcase classname="backend.tests.test_crm_improvements.TestDashboardStatDetails" name="test_all_stat_types_reachable[week_appointments]" time="0.144" /><testcase classname="backend.tests.test_crm_improvements.TestDashboardStatDetails" name="test_requires_auth" time="0.103" /><testcase classname="backend.tests.test_crm_improvements.TestClientsExcelExport" name="test_export_admin_returns_excel" time="0.363" /><testcase classname="backend.tests.test_crm_improvements.TestClientsExcelExport" name="test_export_requires_admin" time="0.167" /><testcase classname="backend.tests.test_crm_improvements.TestClientPrequalify" name="test_get_client_prequalify_no_match" time="0.327" /><testcase classname="backend.tests.test_crm_improvements.TestClientPrequalify" name="test_client_prequalify_client_not_found" time="0.102" /><testcase classname="backend.tests.test_crm_improvements.TestClientPrequalify" name="test_client_prequalify_requires_admin" time="0.100" /><testcase classname="backend.tests.test_crm_improvements.TestPrequalifyEmployerPhone" name="test_submit_prequalify_with_employer_phone" time="0.240"><failure message="AssertionError: Employer phone not persisted: {'id': '4711bd06-cb83-4ac7-a5c1-12736099007a', 'email': 'testpq_be15fdf2@test.com', 'firstName': 'TEST_PQ', 'lastName': 'Emp_8b5d48', 'phone': '+155537daade', 'idNumber': None, 'idType': None, 'ssn': '123-45-6789', 'ssnType': None, 'dateOfBirth': '1990-01-01', 'address': '123 Test St', 'apartment': None, 'city': 'Miami', 'state': 'FL', 'zipCode': '33101', 'housingType': None, 'rentAmount': None, 'timeAtAddressYears': None, 'timeAtAddressMonths': None, 'employerName': 'TestCo', 'timeWithEmployerYears': None, 'timeWithEmployerMonths': None, 'incomeType': None, 'netIncome': None, 'incomeFrequency': None, 'estimatedDownPayment': None, 'consentAccepted': False, 'language': None, 'created_at': '2026-07-30T05:07:42.344505+00:00', 'status': 'pending', 'matched_client_id': None, 'matched_client_name': None, 'id_file_url': None}&#10;assert (None == '+13051234567' or None == '+13051234567')&#10; +  where None = &lt;built-in method get of dict object at 0xfd4816279b40&gt;('employerPhoneNumber')&#10; +    where &lt;built-in method get of dict object at 0xfd4816279b40&gt; = {'address': '123 Test St', 'apartment': None, 'city': 'Miami', 'consentAccepted': False, ...}.get&#10; +  and   None = &lt;built-in method get of dict object at 0xfd4816279b40&gt;('employer_phone_number')&#10; +    where &lt;built-in method get of dict object at 0xfd4816279b40&gt; = {'address': '123 Test St', 'apartment': None, 'city': 'Miami', 'consentAccepted': False, ...}.get">backend/tests/test_crm_improvements.py:177: in test_submit_prequalify_with_employer_phone
    assert (
E   AssertionError: Employer phone not persisted: {'id': '4711bd06-cb83-4ac7-a5c1-12736099007a', 'email': 'testpq_be15fdf2@test.com', 'firstName': 'TEST_PQ', 'lastName': 'Emp_8b5d48', 'phone': '+155537daade', 'idNumber': None, 'idType': None, 'ssn': '123-45-6789', 'ssnType': None, 'dateOfBirth': '1990-01-01', 'address': '123 Test St', 'apartment': None, 'city': 'Miami', 'state': 'FL', 'zipCode': '33101', 'housingType': None, 'rentAmount': None, 'timeAtAddressYears': None, 'timeAtAddressMonths': None, 'employerName': 'TestCo', 'timeWithEmployerYears': None, 'timeWithEmployerMonths': None, 'incomeType': None, 'netIncome': None, 'incomeFrequency': None, 'estimatedDownPayment': None, 'consentAccepted': False, 'language': None, 'created_at': '2026-07-30T05:07:42.344505+00:00', 'status': 'pending', 'matched_client_id': None, 'matched_client_name': None, 'id_file_url': None}
E   assert (None == '+13051234567' or None == '+13051234567')
E    +  where None = &lt;built-in method get of dict object at 0xfd4816279b40&gt;('employerPhoneNumber')
E    +    where &lt;built-in method get of dict object at 0xfd4816279b40&gt; = {'address': '123 Test St', 'apartment': None, 'city': 'Miami', 'consentAccepted': False, ...}.get
E    +  and   None = &lt;built-in method get of dict object at 0xfd4816279b40&gt;('employer_phone_number')
E    +    where &lt;built-in method get of dict object at 0xfd4816279b40&gt; = {'address': '123 Test St', 'apartment': None, 'city': 'Miami', 'consentAccepted': False, ...}.get</failure></testcase><testcase classname="backend.tests.test_crm_improvements.TestDeletePrequalifySubmission" name="test_delete_nonexistent_returns_404" time="0.114" /><testcase classname="backend.tests.test_crm_improvements.TestDeletePrequalifySubmission" name="test_delete_requires_admin" time="0.104" /><testcase classname="backend.tests.test_crm_improvements.TestDeletePrequalifySubmission" name="test_full_delete_flow" time="0.349" /></testsuite></testsuites>