<?xml version="1.0" encoding="utf-8"?><testsuites name="pytest tests"><testsuite name="pytest" errors="0" failures="0" skipped="0" tests="4" time="21.188" timestamp="2026-08-03T01:00:19.968501+00:00" hostname="agent-env-9d0b0771-640b-4e38-981a-7d6984aee445"><testcase classname="backend.tests.test_multiple_employments.TestPrequalifyMultipleEmployments" name="test_submit_with_two_employments_persists_array" time="8.625" /><testcase classname="backend.tests.test_multiple_employments.TestPrequalifyMultipleEmployments" name="test_convert_prequalify_to_new_client_transfers_all_employments" time="7.525" /><testcase classname="backend.tests.test_multiple_employments.TestPrequalifyMultipleEmployments" name="test_sync_prequalify_to_existing_client_transfers_employments" time="3.758" /><testcase classname="backend.tests.test_multiple_employments.TestPrequalifyMultipleEmployments" name="test_legacy_prequalify_no_employments_array_still_convertible" time="1.221" /></testsuite></testsuites>