<?xml version="1.0" encoding="utf-8"?><testsuites name="pytest tests"><testsuite name="pytest" errors="0" failures="0" skipped="0" tests="12" time="2.979" timestamp="2026-01-23T05:54:51.444710+00:00" hostname="agent-env-8173b3ba-e56e-4974-ab18-42fdca0d3b53"><testcase classname="backend.tests.test_dashboard_role_filtering.TestDashboardRoleFiltering" name="test_admin_dashboard_stats_returns_all_data" time="0.379" /><testcase classname="backend.tests.test_dashboard_role_filtering.TestDashboardRoleFiltering" name="test_admin_salesperson_performance_returns_all_users" time="0.045" /><testcase classname="backend.tests.test_dashboard_role_filtering.TestDashboardRoleFiltering" name="test_bdc_manager_dashboard_stats_excludes_admin_data" time="0.716" /><testcase classname="backend.tests.test_dashboard_role_filtering.TestDashboardRoleFiltering" name="test_bdc_manager_salesperson_performance_excludes_admin" time="0.118" /><testcase classname="backend.tests.test_dashboard_role_filtering.TestDashboardRoleFiltering" name="test_bdc_manager_can_access_salesperson_performance" time="0.040" /><testcase classname="backend.tests.test_dashboard_role_filtering.TestDashboardRoleFiltering" name="test_telemarketer_dashboard_stats_shows_only_own_data" time="0.610" /><testcase classname="backend.tests.test_dashboard_role_filtering.TestDashboardRoleFiltering" name="test_telemarketer_cannot_access_salesperson_performance" time="0.039" /><testcase classname="backend.tests.test_dashboard_role_filtering.TestDashboardRoleFiltering" name="test_telemarketer_creates_client_and_sees_in_dashboard" time="0.168" /><testcase classname="backend.tests.test_dashboard_role_filtering.TestDashboardRoleFiltering" name="test_bdc_manager_sees_telemarketer_client_but_not_admin_client" time="0.232" /><testcase classname="backend.tests.test_dashboard_role_filtering.TestDashboardRoleFiltering" name="test_dashboard_stats_with_period_filter" time="0.146" /><testcase classname="backend.tests.test_dashboard_role_filtering.TestDashboardRoleFiltering" name="test_dashboard_stats_with_specific_month" time="0.048" /><testcase classname="backend.tests.test_dashboard_role_filtering.TestCleanup" name="test_cleanup_test_users" time="0.371" /></testsuite></testsuites>